<?xml version="1.0" encoding="UTF-8"?>
<!-- Generated by org.testng.reporters.JUnitReportReporter -->
<testsuite skipped="0" hostname="D01TMC048" name="EmpRoleTestCase.LoginTestCase" tests="1" failures="0" timestamp="2021-02-26T18:10:00 IST" time="11.173" errors="0">
  <testcase name="assertEMPusername" time="11.173" classname="EmpRoleTestCase.LoginTestCase"/>
  <system-out/>
</testsuite> <!-- EmpRoleTestCase.LoginTestCase -->
