<?xml version="1.0" encoding="UTF-8"?>
<!-- Generated by org.testng.reporters.JUnitReportReporter -->
<testsuite skipped="0" hostname="D01TMC048" name="EmpRoleTestCase.EmpApplyOutOfficeTestCase" tests="2" failures="0" timestamp="2021-02-26T18:10:00 IST" time="26.217" errors="0">
  <testcase name="verifyApplyOutOffice" time="13.298" classname="EmpRoleTestCase.EmpApplyOutOfficeTestCase"/>
  <system-out/>
  <testcase name="verifyCancelOutOfficeRequest" time="12.919" classname="EmpRoleTestCase.EmpApplyOutOfficeTestCase"/>
  <system-out/>
</testsuite> <!-- EmpRoleTestCase.EmpApplyOutOfficeTestCase -->
