<?xml version="1.0" encoding="UTF-8"?>
<!-- Generated by org.testng.reporters.JUnitReportReporter -->
<testsuite skipped="0" hostname="D01TMC048" name="EmpRoleTestCase.EmpserviceTestCase" tests="3" failures="0" timestamp="2021-02-26T18:10:00 IST" time="27.496" errors="0">
  <testcase name="enableNewService" time="9.590" classname="EmpRoleTestCase.EmpserviceTestCase"/>
  <system-out/>
  <testcase name="verifyserviceEnabled" time="8.700" classname="EmpRoleTestCase.EmpserviceTestCase"/>
  <system-out/>
  <testcase name="verifyserviceRemoved" time="9.206" classname="EmpRoleTestCase.EmpserviceTestCase"/>
  <system-out/>
</testsuite> <!-- EmpRoleTestCase.EmpserviceTestCase -->
