<?xml version="1.0" encoding="UTF-8"?>
<!-- Generated by org.testng.reporters.JUnitReportReporter -->
<testsuite skipped="0" hostname="D01TMC048" name="EmpRoleTestCase.EmpApplyLeaveTestCase" tests="2" failures="0" timestamp="2021-02-26T18:10:00 IST" time="24.053" errors="0">
  <testcase name="verifyLeaveApplied" time="12.785" classname="EmpRoleTestCase.EmpApplyLeaveTestCase"/>
  <system-out/>
  <testcase name="verifyCancelLeaveRequest" time="11.268" classname="EmpRoleTestCase.EmpApplyLeaveTestCase"/>
  <system-out/>
</testsuite> <!-- EmpRoleTestCase.EmpApplyLeaveTestCase -->
