<?xml version="1.0" encoding="UTF-8"?>
<!-- Generated by org.testng.reporters.JUnitReportReporter -->
<testsuite skipped="0" hostname="D01TMC048" name="EmpRoleTestCase.EmpApplyWFHTestCase" tests="2" failures="0" timestamp="2021-02-26T18:53:19 IST" time="29.427" errors="0">
  <testcase name="verifyApplyWFH" time="16.422" classname="EmpRoleTestCase.EmpApplyWFHTestCase"/>
  <system-out/>
  <testcase name="verifyCancelWFHRequest" time="13.005" classname="EmpRoleTestCase.EmpApplyWFHTestCase"/>
  <system-out/>
</testsuite> <!-- EmpRoleTestCase.EmpApplyWFHTestCase -->
