<?xml version="1.0" encoding="UTF-8"?>
<!-- Generated by org.testng.reporters.JUnitReportReporter -->
<testsuite skipped="0" hostname="D01TMC048" name="EmpRoleTestCase.EmpApplyOutOfficeTestCase" tests="2" failures="0" timestamp="2021-02-26T18:53:19 IST" time="27.078" errors="0">
  <testcase name="verifyApplyOutOffice" time="13.757" classname="EmpRoleTestCase.EmpApplyOutOfficeTestCase"/>
  <system-out/>
  <testcase name="verifyCancelOutOfficeRequest" time="13.321" classname="EmpRoleTestCase.EmpApplyOutOfficeTestCase"/>
  <system-out/>
</testsuite> <!-- EmpRoleTestCase.EmpApplyOutOfficeTestCase -->
