<?xml version="1.0" encoding="UTF-8"?>
<!-- Generated by org.testng.reporters.JUnitReportReporter -->
<testsuite skipped="0" hostname="D01TMC048" name="EmpRoleTestCase.EmpApplyLeaveTestCase" tests="2" failures="0" timestamp="2021-02-26T18:53:19 IST" time="25.202" errors="0">
  <testcase name="verifyLeaveApplied" time="14.165" classname="EmpRoleTestCase.EmpApplyLeaveTestCase"/>
  <system-out/>
  <testcase name="verifyCancelLeaveRequest" time="11.037" classname="EmpRoleTestCase.EmpApplyLeaveTestCase"/>
  <system-out/>
</testsuite> <!-- EmpRoleTestCase.EmpApplyLeaveTestCase -->
